mode: atomic
github.com/guidewire-oss/fern-platform/acceptance/pmconnectors/mock_graphql_server.go:46.48,54.2 3 0
github.com/guidewire-oss/fern-platform/acceptance/pmconnectors/mock_graphql_server.go:57.42,59.2 1 0
github.com/guidewire-oss/fern-platform/acceptance/pmconnectors/mock_graphql_server.go:62.37,64.2 1 0
github.com/guidewire-oss/fern-platform/acceptance/pmconnectors/mock_graphql_server.go:67.77,68.24 1 0
github.com/guidewire-oss/fern-platform/acceptance/pmconnectors/mock_graphql_server.go:68.24,71.3 2 0
github.com/guidewire-oss/fern-platform/acceptance/pmconnectors/mock_graphql_server.go:73.2,74.61 2 0
github.com/guidewire-oss/fern-platform/acceptance/pmconnectors/mock_graphql_server.go:74.61,82.3 3 0
github.com/guidewire-oss/fern-platform/acceptance/pmconnectors/mock_graphql_server.go:85.2,85.52 1 0
github.com/guidewire-oss/fern-platform/acceptance/pmconnectors/mock_graphql_server.go:85.52,87.3 1 0
github.com/guidewire-oss/fern-platform/acceptance/pmconnectors/mock_graphql_server.go:87.8,87.61 1 0
github.com/guidewire-oss/fern-platform/acceptance/pmconnectors/mock_graphql_server.go:87.61,89.3 1 0
github.com/guidewire-oss/fern-platform/acceptance/pmconnectors/mock_graphql_server.go:89.8,89.69 1 0
github.com/guidewire-oss/fern-platform/acceptance/pmconnectors/mock_graphql_server.go:89.69,91.3 1 0
github.com/guidewire-oss/fern-platform/acceptance/pmconnectors/mock_graphql_server.go:91.8,91.60 1 0
github.com/guidewire-oss/fern-platform/acceptance/pmconnectors/mock_graphql_server.go:91.60,93.3 1 0
github.com/guidewire-oss/fern-platform/acceptance/pmconnectors/mock_graphql_server.go:93.8,93.59 1 0
github.com/guidewire-oss/fern-platform/acceptance/pmconnectors/mock_graphql_server.go:93.59,95.3 1 0
github.com/guidewire-oss/fern-platform/acceptance/pmconnectors/mock_graphql_server.go:95.8,95.64 1 0
github.com/guidewire-oss/fern-platform/acceptance/pmconnectors/mock_graphql_server.go:95.64,97.3 1 0
github.com/guidewire-oss/fern-platform/acceptance/pmconnectors/mock_graphql_server.go:97.8,97.63 1 0
github.com/guidewire-oss/fern-platform/acceptance/pmconnectors/mock_graphql_server.go:97.63,99.3 1 0
github.com/guidewire-oss/fern-platform/acceptance/pmconnectors/mock_graphql_server.go:99.8,106.3 2 0
github.com/guidewire-oss/fern-platform/acceptance/pmconnectors/mock_graphql_server.go:110.92,112.36 2 0
github.com/guidewire-oss/fern-platform/acceptance/pmconnectors/mock_graphql_server.go:112.36,117.3 1 0
github.com/guidewire-oss/fern-platform/acceptance/pmconnectors/mock_graphql_server.go:119.2,133.37 3 0
github.com/guidewire-oss/fern-platform/acceptance/pmconnectors/mock_graphql_server.go:137.94,163.2 6 0
github.com/guidewire-oss/fern-platform/acceptance/pmconnectors/mock_graphql_server.go:166.93,170.36 2 0
github.com/guidewire-oss/fern-platform/acceptance/pmconnectors/mock_graphql_server.go:170.36,171.29 1 0
github.com/guidewire-oss/fern-platform/acceptance/pmconnectors/mock_graphql_server.go:171.29,183.4 5 0
github.com/guidewire-oss/fern-platform/acceptance/pmconnectors/mock_graphql_server.go:187.2,192.4 2 0
github.com/guidewire-oss/fern-platform/acceptance/pmconnectors/mock_graphql_server.go:196.93,200.36 2 0
github.com/guidewire-oss/fern-platform/acceptance/pmconnectors/mock_graphql_server.go:200.36,201.29 1 0
github.com/guidewire-oss/fern-platform/acceptance/pmconnectors/mock_graphql_server.go:201.29,216.4 7 0
github.com/guidewire-oss/fern-platform/acceptance/pmconnectors/mock_graphql_server.go:220.2,225.4 2 0
github.com/guidewire-oss/fern-platform/acceptance/pmconnectors/mock_graphql_server.go:229.92,233.36 2 0
github.com/guidewire-oss/fern-platform/acceptance/pmconnectors/mock_graphql_server.go:233.36,234.29 1 0
github.com/guidewire-oss/fern-platform/acceptance/pmconnectors/mock_graphql_server.go:234.29,255.4 8 0
github.com/guidewire-oss/fern-platform/acceptance/pmconnectors/mock_graphql_server.go:259.2,264.4 2 0
github.com/guidewire-oss/fern-platform/acceptance/pmconnectors/mock_graphql_server.go:268.90,272.13 3 0
github.com/guidewire-oss/fern-platform/acceptance/pmconnectors/mock_graphql_server.go:272.13,274.3 1 0
github.com/guidewire-oss/fern-platform/acceptance/pmconnectors/mock_graphql_server.go:276.2,286.37 3 0
github.com/guidewire-oss/fern-platform/acceptance/pmconnectors/mock_graphql_server.go:290.93,296.38 4 0
github.com/guidewire-oss/fern-platform/acceptance/pmconnectors/mock_graphql_server.go:296.38,306.3 2 0
github.com/guidewire-oss/fern-platform/acceptance/pmconnectors/mock_graphql_server.go:308.2,311.36 2 0
github.com/guidewire-oss/fern-platform/acceptance/pmconnectors/mock_graphql_server.go:311.36,312.73 1 0
github.com/guidewire-oss/fern-platform/acceptance/pmconnectors/mock_graphql_server.go:312.73,314.9 2 0
github.com/guidewire-oss/fern-platform/acceptance/pmconnectors/mock_graphql_server.go:318.2,328.37 3 0
github.com/guidewire-oss/fern-platform/acceptance/pmconnectors/mock_graphql_server.go:332.84,333.34 1 0
github.com/guidewire-oss/fern-platform/acceptance/pmconnectors/mock_graphql_server.go:333.34,335.3 1 0
github.com/guidewire-oss/fern-platform/acceptance/pmconnectors/mock_graphql_server.go:336.2,336.21 1 0
github.com/guidewire-oss/fern-platform/acceptance/pmconnectors/mock_graphql_server.go:339.85,340.32 1 0
github.com/guidewire-oss/fern-platform/acceptance/pmconnectors/mock_graphql_server.go:340.32,342.3 1 0
github.com/guidewire-oss/fern-platform/acceptance/pmconnectors/mock_graphql_server.go:343.2,343.21 1 0
github.com/guidewire-oss/fern-platform/acceptance/pmconnectors/mock_graphql_server.go:346.82,347.35 1 0
github.com/guidewire-oss/fern-platform/acceptance/pmconnectors/mock_graphql_server.go:347.35,349.3 1 0
github.com/guidewire-oss/fern-platform/acceptance/pmconnectors/mock_graphql_server.go:350.2,350.21 1 0
github.com/guidewire-oss/fern-platform/acceptance/pmconnectors/mock_graphql_server.go:360.65,362.2 1 0
github.com/guidewire-oss/fern-platform/acceptance/pmconnectors/mock_graphql_server.go:365.59,367.2 1 0
github.com/guidewire-oss/fern-platform/acceptance/pmconnectors/mock_graphql_server.go:370.37,373.2 2 0
github.com/guidewire-oss/fern-platform/acceptance/pmconnectors/mock_pm_server.go:37.38,50.2 4 0
github.com/guidewire-oss/fern-platform/acceptance/pmconnectors/mock_pm_server.go:53.37,55.2 1 0
github.com/guidewire-oss/fern-platform/acceptance/pmconnectors/mock_pm_server.go:58.32,60.2 1 0
github.com/guidewire-oss/fern-platform/acceptance/pmconnectors/mock_pm_server.go:63.72,66.19 2 0
github.com/guidewire-oss/fern-platform/acceptance/pmconnectors/mock_pm_server.go:66.19,69.3 2 0
github.com/guidewire-oss/fern-platform/acceptance/pmconnectors/mock_pm_server.go:71.2,80.9 2 0
github.com/guidewire-oss/fern-platform/acceptance/pmconnectors/mock_pm_server.go:81.63,82.25 1 0
github.com/guidewire-oss/fern-platform/acceptance/pmconnectors/mock_pm_server.go:83.63,84.27 1 0
github.com/guidewire-oss/fern-platform/acceptance/pmconnectors/mock_pm_server.go:85.63,86.32 1 0
github.com/guidewire-oss/fern-platform/acceptance/pmconnectors/mock_pm_server.go:87.61,88.28 1 0
github.com/guidewire-oss/fern-platform/acceptance/pmconnectors/mock_pm_server.go:89.10,92.39 2 0
github.com/guidewire-oss/fern-platform/acceptance/pmconnectors/mock_pm_server.go:92.39,95.4 2 0
github.com/guidewire-oss/fern-platform/acceptance/pmconnectors/mock_pm_server.go:98.3,101.5 2 0
github.com/guidewire-oss/fern-platform/acceptance/pmconnectors/mock_pm_server.go:106.79,109.16 2 0
github.com/guidewire-oss/fern-platform/acceptance/pmconnectors/mock_pm_server.go:109.16,115.3 3 0
github.com/guidewire-oss/fern-platform/acceptance/pmconnectors/mock_pm_server.go:118.2,125.4 2 0
github.com/guidewire-oss/fern-platform/acceptance/pmconnectors/mock_pm_server.go:129.81,140.2 6 0
github.com/guidewire-oss/fern-platform/acceptance/pmconnectors/mock_pm_server.go:143.103,145.19 2 0
github.com/guidewire-oss/fern-platform/acceptance/pmconnectors/mock_pm_server.go:145.19,147.3 1 0
github.com/guidewire-oss/fern-platform/acceptance/pmconnectors/mock_pm_server.go:149.2,150.22 2 0
github.com/guidewire-oss/fern-platform/acceptance/pmconnectors/mock_pm_server.go:150.22,152.3 1 0
github.com/guidewire-oss/fern-platform/acceptance/pmconnectors/mock_pm_server.go:155.2,156.48 2 0
github.com/guidewire-oss/fern-platform/acceptance/pmconnectors/mock_pm_server.go:156.48,185.3 1 0
github.com/guidewire-oss/fern-platform/acceptance/pmconnectors/mock_pm_server.go:187.2,192.3 1 0
github.com/guidewire-oss/fern-platform/acceptance/pmconnectors/mock_pm_server.go:196.86,199.40 2 0
github.com/guidewire-oss/fern-platform/acceptance/pmconnectors/mock_pm_server.go:199.40,205.3 3 0
github.com/guidewire-oss/fern-platform/acceptance/pmconnectors/mock_pm_server.go:208.2,209.67 2 0
github.com/guidewire-oss/fern-platform/acceptance/pmconnectors/mock_pm_server.go:209.67,215.3 3 0
github.com/guidewire-oss/fern-platform/acceptance/pmconnectors/mock_pm_server.go:218.2,226.37 4 0
github.com/guidewire-oss/fern-platform/acceptance/pmconnectors/mock_pm_server.go:230.82,233.41 2 0
github.com/guidewire-oss/fern-platform/acceptance/pmconnectors/mock_pm_server.go:233.41,239.3 3 0
github.com/guidewire-oss/fern-platform/acceptance/pmconnectors/mock_pm_server.go:242.2,245.37 3 0
github.com/guidewire-oss/fern-platform/acceptance/pmconnectors/mock_pm_server.go:249.73,252.26 2 0
github.com/guidewire-oss/fern-platform/acceptance/pmconnectors/mock_pm_server.go:252.26,276.3 1 0
github.com/guidewire-oss/fern-platform/acceptance/pmconnectors/mock_pm_server.go:278.2,285.3 1 0
github.com/guidewire-oss/fern-platform/acceptance/pmconnectors/mock_pm_server.go:289.48,308.2 2 0
github.com/guidewire-oss/fern-platform/acceptance/pmconnectors/mock_pm_server.go:311.80,314.2 2 0
github.com/guidewire-oss/fern-platform/acceptance/pmconnectors/mock_pm_server.go:317.79,319.33 1 0
github.com/guidewire-oss/fern-platform/acceptance/pmconnectors/mock_pm_server.go:319.33,321.3 1 0
github.com/guidewire-oss/fern-platform/acceptance/pmconnectors/mock_pm_server.go:324.2,324.26 1 0
github.com/guidewire-oss/fern-platform/acceptance/pmconnectors/mock_pm_server.go:324.26,326.3 1 0
github.com/guidewire-oss/fern-platform/acceptance/pmconnectors/mock_pm_server.go:329.2,329.22 1 0
github.com/guidewire-oss/fern-platform/acceptance/pmconnectors/mock_pm_server.go:329.22,332.3 2 0
github.com/guidewire-oss/fern-platform/acceptance/pmconnectors/mock_pm_server.go:336.52,338.2 1 0
github.com/guidewire-oss/fern-platform/acceptance/pmconnectors/mock_pm_server.go:341.78,343.35 2 0
github.com/guidewire-oss/fern-platform/acceptance/pmconnectors/mock_pm_server.go:343.35,344.47 1 0
github.com/guidewire-oss/fern-platform/acceptance/pmconnectors/mock_pm_server.go:344.47,346.4 1 0
github.com/guidewire-oss/fern-platform/acceptance/pmconnectors/mock_pm_server.go:348.2,348.17 1 0
github.com/guidewire-oss/fern-platform/acceptance/pmconnectors/mock_pm_server.go:352.32,354.2 1 0
github.com/guidewire-oss/fern-platform/acceptance/pmconnectors/mock_pm_server.go:357.91,364.2 1 0
github.com/guidewire-oss/fern-platform/acceptance/pmconnectors/mock_pm_server.go:367.82,375.28 3 0
github.com/guidewire-oss/fern-platform/acceptance/pmconnectors/mock_pm_server.go:375.28,378.4 2 0
